<?xml version="1.0" encoding="UTF-8"?>
<!-- Generated by org.testng.reporters.JUnitXMLReporter -->
<testsuite hostname="DESKTOP-SU3JC61" ignored="0" name="Default test" tests="4" failures="0" timestamp="2021-06-03T11:00:27 IST" time="0.152" errors="0">
  <testcase name="testcase3" time="0.017" classname="com.TestNGdifferentMethods.TestNg1"/>
  <testcase name="testcase4" time="0.005" classname="com.TestNGdifferentMethods.TestNg1"/>
  <testcase name="testcase2" time="0.004" classname="com.TestNGdifferentMethods.TestNg1"/>
  <testcase name="testcase1" time="0.002" classname="com.TestNGdifferentMethods.TestNg1"/>
</testsuite> <!-- Default test -->
