<?xml version="1.0" encoding="UTF-8"?>
<!-- Generated by org.testng.reporters.JUnitXMLReporter -->
<testsuite hostname="DESKTOP-SU3JC61" ignored="2" name="Test" tests="2" failures="0" timestamp="2021-06-03T11:05:27 IST" time="0.104" errors="0">
  <testcase name="testcase4" time="0.016" classname="com.TestNGdifferentMethods.TestNg1"/>
  <testcase name="testcase2" time="0.001" classname="com.TestNGdifferentMethods.TestNg1"/>
  <testcase name="testcase3" time="0.0" classname="com.TestNGdifferentMethods.TestNg1">
    <ignored/>
  </testcase> <!-- testcase3 -->
  <testcase name="testcase1" time="0.0" classname="com.TestNGdifferentMethods.TestNg1">
    <ignored/>
  </testcase> <!-- testcase1 -->
</testsuite> <!-- Test -->
