<?xml version="1.0" encoding="UTF-8"?>
<!-- Generated by org.testng.reporters.JUnitXMLReporter -->
<testsuite hostname="DESKTOP-SU3JC61" ignored="2" name="TestNG2" tests="2" failures="0" timestamp="2021-06-03T11:23:56 IST" time="0.044" errors="0">
  <testcase name="testscenario1" time="0.006" classname="com.TestNGdifferentMethods.TestNG2"/>
  <testcase name="testscenario4" time="0.021" classname="com.TestNGdifferentMethods.TestNG2"/>
  <testcase name="testscenario2" time="0.0" classname="com.TestNGdifferentMethods.TestNG2">
    <ignored/>
  </testcase> <!-- testscenario2 -->
  <testcase name="testscenario3" time="0.0" classname="com.TestNGdifferentMethods.TestNG2">
    <ignored/>
  </testcase> <!-- testscenario3 -->
</testsuite> <!-- TestNG2 -->
