<?xml version="1.0" encoding="UTF-8"?>
<!-- Generated by org.testng.reporters.JUnitXMLReporter -->
<testsuite hostname="DESKTOP-SU3JC61" ignored="2" name="TestNg1" tests="2" failures="0" timestamp="2021-06-03T11:23:56 IST" time="0.159" errors="0">
  <testcase name="testcase4" time="0.031" classname="com.TestNGdifferentMethods.TestNg1"/>
  <testcase name="testcase2" time="0.005" classname="com.TestNGdifferentMethods.TestNg1"/>
  <testcase name="testcase3" time="0.0" classname="com.TestNGdifferentMethods.TestNg1">
    <ignored/>
  </testcase> <!-- testcase3 -->
  <testcase name="testcase1" time="0.0" classname="com.TestNGdifferentMethods.TestNg1">
    <ignored/>
  </testcase> <!-- testcase1 -->
</testsuite> <!-- TestNg1 -->
